<?xml version="1.0" encoding="UTF-8"?>
<coverage generated="1770132293153" clover="3.2.0">
  <project timestamp="1770132293157" name="All files">
    <metrics statements="148" coveredstatements="138" conditionals="76" coveredconditionals="62" methods="41" coveredmethods="36" elements="265" coveredelements="236" complexity="0" loc="148" ncloc="148" packages="7" files="12" classes="12"/>
    <package name="src">
      <metrics statements="9" coveredstatements="8" conditionals="4" coveredconditionals="3" methods="3" coveredmethods="2"/>
      <file name="app.controller.ts" path="/home/iut45/Etudiants/o22301328/Documents/nodejs/tp/realtime-elo-ranker/apps/realtime-elo-ranker-server/src/app.controller.ts">
        <metrics statements="6" coveredstatements="6" conditionals="4" coveredconditionals="3" methods="2" coveredmethods="2"/>
        <line num="1" count="1" type="stmt"/>
        <line num="2" count="1" type="stmt"/>
        <line num="5" count="1" type="stmt"/>
        <line num="6" count="1" type="cond" truecount="3" falsecount="1"/>
        <line num="9" count="1" type="stmt"/>
        <line num="10" count="1" type="stmt"/>
      </file>
      <file name="app.service.ts" path="/home/iut45/Etudiants/o22301328/Documents/nodejs/tp/realtime-elo-ranker/apps/realtime-elo-ranker-server/src/app.service.ts">
        <metrics statements="3" coveredstatements="2" conditionals="0" coveredconditionals="0" methods="1" coveredmethods="0"/>
        <line num="1" count="1" type="stmt"/>
        <line num="4" count="1" type="stmt"/>
        <line num="6" count="0" type="stmt"/>
      </file>
    </package>
    <package name="src.elo">
      <metrics statements="15" coveredstatements="14" conditionals="4" coveredconditionals="3" methods="8" coveredmethods="7"/>
      <file name="elo.service.ts" path="/home/iut45/Etudiants/o22301328/Documents/nodejs/tp/realtime-elo-ranker/apps/realtime-elo-ranker-server/src/elo/elo.service.ts">
        <metrics statements="15" coveredstatements="14" conditionals="4" coveredconditionals="3" methods="8" coveredmethods="7"/>
        <line num="1" count="6" type="stmt"/>
        <line num="2" count="6" type="stmt"/>
        <line num="6" count="6" type="stmt"/>
        <line num="8" count="0" type="stmt"/>
        <line num="10" count="5" type="stmt"/>
        <line num="11" count="5" type="stmt"/>
        <line num="13" count="5" type="cond" truecount="3" falsecount="1"/>
        <line num="16" count="3" type="stmt"/>
        <line num="17" count="3" type="stmt"/>
        <line num="26" count="2" type="stmt"/>
        <line num="27" count="2" type="stmt"/>
        <line num="31" count="1" type="stmt"/>
        <line num="32" count="1" type="stmt"/>
        <line num="39" count="1" type="stmt"/>
        <line num="43" count="1" type="stmt"/>
      </file>
    </package>
    <package name="src.match">
      <metrics statements="47" coveredstatements="47" conditionals="34" coveredconditionals="29" methods="8" coveredmethods="8"/>
      <file name="match.controller.ts" path="/home/iut45/Etudiants/o22301328/Documents/nodejs/tp/realtime-elo-ranker/apps/realtime-elo-ranker-server/src/match/match.controller.ts">
        <metrics statements="8" coveredstatements="8" conditionals="8" coveredconditionals="6" methods="2" coveredmethods="2"/>
        <line num="1" count="1" type="stmt"/>
        <line num="2" count="1" type="stmt"/>
        <line num="3" count="1" type="stmt"/>
        <line num="6" count="1" type="stmt"/>
        <line num="7" count="1" type="cond" truecount="3" falsecount="1"/>
        <line num="10" count="1" type="cond" truecount="3" falsecount="1"/>
        <line num="11" count="1" type="stmt"/>
        <line num="12" count="1" type="stmt"/>
      </file>
      <file name="match.service.ts" path="/home/iut45/Etudiants/o22301328/Documents/nodejs/tp/realtime-elo-ranker/apps/realtime-elo-ranker-server/src/match/match.service.ts">
        <metrics statements="39" coveredstatements="39" conditionals="26" coveredconditionals="23" methods="6" coveredmethods="6"/>
        <line num="1" count="2" type="stmt"/>
        <line num="7" count="2" type="stmt"/>
        <line num="8" count="2" type="stmt"/>
        <line num="10" count="2" type="stmt"/>
        <line num="11" count="2" type="stmt"/>
        <line num="12" count="2" type="stmt"/>
        <line num="15" count="2" type="stmt"/>
        <line num="18" count="9" type="cond" truecount="6" falsecount="2"/>
        <line num="19" count="9" type="cond" truecount="3" falsecount="1"/>
        <line num="20" count="9" type="stmt"/>
        <line num="24" count="4" type="stmt"/>
        <line num="26" count="4" type="cond" truecount="2" falsecount="0"/>
        <line num="27" count="1" type="stmt"/>
        <line num="32" count="3" type="stmt"/>
        <line num="33" count="3" type="stmt"/>
        <line num="35" count="3" type="cond" truecount="4" falsecount="0"/>
        <line num="36" count="1" type="stmt"/>
        <line num="39" count="2" type="stmt"/>
        <line num="40" count="2" type="stmt"/>
        <line num="42" count="2" type="cond" truecount="2" falsecount="0"/>
        <line num="43" count="2" type="cond" truecount="2" falsecount="0"/>
        <line num="45" count="2" type="stmt"/>
        <line num="46" count="2" type="stmt"/>
        <line num="48" count="2" type="stmt"/>
        <line num="49" count="2" type="stmt"/>
        <line num="51" count="2" type="stmt"/>
        <line num="52" count="2" type="stmt"/>
        <line num="54" count="2" type="stmt"/>
        <line num="55" count="2" type="stmt"/>
        <line num="57" count="2" type="stmt"/>
        <line num="64" count="2" type="stmt"/>
        <line num="66" count="2" type="stmt"/>
        <line num="74" count="1" type="stmt"/>
        <line num="78" count="2" type="stmt"/>
        <line num="79" count="2" type="cond" truecount="2" falsecount="0"/>
        <line num="80" count="1" type="stmt"/>
        <line num="85" count="1" type="stmt"/>
        <line num="89" count="1" type="stmt"/>
        <line num="90" count="1" type="stmt"/>
      </file>
    </package>
    <package name="src.match.dto">
      <metrics statements="4" coveredstatements="1" conditionals="0" coveredconditionals="0" methods="0" coveredmethods="0"/>
      <file name="create-match.dto.ts" path="/home/iut45/Etudiants/o22301328/Documents/nodejs/tp/realtime-elo-ranker/apps/realtime-elo-ranker-server/src/match/dto/create-match.dto.ts">
        <metrics statements="1" coveredstatements="1" conditionals="0" coveredconditionals="0" methods="0" coveredmethods="0"/>
        <line num="1" count="1" type="stmt"/>
      </file>
      <file name="update-match.dto.ts" path="/home/iut45/Etudiants/o22301328/Documents/nodejs/tp/realtime-elo-ranker/apps/realtime-elo-ranker-server/src/match/dto/update-match.dto.ts">
        <metrics statements="3" coveredstatements="0" conditionals="0" coveredconditionals="0" methods="0" coveredmethods="0"/>
        <line num="1" count="0" type="stmt"/>
        <line num="2" count="0" type="stmt"/>
        <line num="4" count="0" type="stmt"/>
      </file>
    </package>
    <package name="src.player">
      <metrics statements="50" coveredstatements="49" conditionals="22" coveredconditionals="18" methods="15" coveredmethods="14"/>
      <file name="player.controller.ts" path="/home/iut45/Etudiants/o22301328/Documents/nodejs/tp/realtime-elo-ranker/apps/realtime-elo-ranker-server/src/player/player.controller.ts">
        <metrics statements="14" coveredstatements="14" conditionals="8" coveredconditionals="6" methods="5" coveredmethods="5"/>
        <line num="1" count="1" type="stmt"/>
        <line num="2" count="1" type="stmt"/>
        <line num="3" count="1" type="stmt"/>
        <line num="6" count="1" type="stmt"/>
        <line num="7" count="3" type="cond" truecount="3" falsecount="1"/>
        <line num="10" count="1" type="cond" truecount="3" falsecount="1"/>
        <line num="11" count="1" type="stmt"/>
        <line num="12" count="1" type="stmt"/>
        <line num="19" count="1" type="stmt"/>
        <line num="20" count="1" type="stmt"/>
        <line num="21" count="1" type="stmt"/>
        <line num="28" count="1" type="stmt"/>
        <line num="29" count="1" type="stmt"/>
        <line num="30" count="1" type="stmt"/>
      </file>
      <file name="player.service.ts" path="/home/iut45/Etudiants/o22301328/Documents/nodejs/tp/realtime-elo-ranker/apps/realtime-elo-ranker-server/src/player/player.service.ts">
        <metrics statements="36" coveredstatements="35" conditionals="14" coveredconditionals="12" methods="10" coveredmethods="9"/>
        <line num="1" count="4" type="stmt"/>
        <line num="7" count="4" type="stmt"/>
        <line num="8" count="4" type="stmt"/>
        <line num="9" count="4" type="stmt"/>
        <line num="10" count="4" type="stmt"/>
        <line num="15" count="4" type="stmt"/>
        <line num="18" count="9" type="cond" truecount="6" falsecount="2"/>
        <line num="19" count="9" type="stmt"/>
        <line num="23" count="1" type="stmt"/>
        <line num="27" count="5" type="stmt"/>
        <line num="28" count="5" type="stmt"/>
        <line num="32" count="3" type="stmt"/>
        <line num="35" count="3" type="cond" truecount="2" falsecount="0"/>
        <line num="36" count="1" type="stmt"/>
        <line num="41" count="2" type="stmt"/>
        <line num="43" count="2" type="cond" truecount="2" falsecount="0"/>
        <line num="45" count="2" type="stmt"/>
        <line num="49" count="2" type="stmt"/>
        <line num="54" count="2" type="stmt"/>
        <line num="55" count="2" type="stmt"/>
        <line num="56" count="2" type="stmt"/>
        <line num="58" count="2" type="stmt"/>
        <line num="62" count="0" type="stmt"/>
        <line num="66" count="2" type="stmt"/>
        <line num="67" count="2" type="cond" truecount="2" falsecount="0"/>
        <line num="68" count="1" type="stmt"/>
        <line num="73" count="1" type="stmt"/>
        <line num="77" count="1" type="stmt"/>
        <line num="78" count="1" type="stmt"/>
        <line num="79" count="1" type="stmt"/>
        <line num="80" count="1" type="stmt"/>
        <line num="81" count="1" type="stmt"/>
        <line num="85" count="1" type="stmt"/>
        <line num="86" count="1" type="stmt"/>
        <line num="87" count="1" type="stmt"/>
        <line num="88" count="1" type="stmt"/>
      </file>
    </package>
    <package name="src.player.dto">
      <metrics statements="4" coveredstatements="1" conditionals="0" coveredconditionals="0" methods="0" coveredmethods="0"/>
      <file name="create-player.dto.ts" path="/home/iut45/Etudiants/o22301328/Documents/nodejs/tp/realtime-elo-ranker/apps/realtime-elo-ranker-server/src/player/dto/create-player.dto.ts">
        <metrics statements="1" coveredstatements="1" conditionals="0" coveredconditionals="0" methods="0" coveredmethods="0"/>
        <line num="1" count="1" type="stmt"/>
      </file>
      <file name="update-player.dto.ts" path="/home/iut45/Etudiants/o22301328/Documents/nodejs/tp/realtime-elo-ranker/apps/realtime-elo-ranker-server/src/player/dto/update-player.dto.ts">
        <metrics statements="3" coveredstatements="0" conditionals="0" coveredconditionals="0" methods="0" coveredmethods="0"/>
        <line num="1" count="0" type="stmt"/>
        <line num="2" count="0" type="stmt"/>
        <line num="4" count="0" type="stmt"/>
      </file>
    </package>
    <package name="src.ranking">
      <metrics statements="19" coveredstatements="18" conditionals="12" coveredconditionals="9" methods="7" coveredmethods="5"/>
      <file name="ranking.controller.ts" path="/home/iut45/Etudiants/o22301328/Documents/nodejs/tp/realtime-elo-ranker/apps/realtime-elo-ranker-server/src/ranking/ranking.controller.ts">
        <metrics statements="19" coveredstatements="18" conditionals="12" coveredconditionals="9" methods="7" coveredmethods="5"/>
        <line num="1" count="1" type="stmt"/>
        <line num="2" count="1" type="stmt"/>
        <line num="3" count="1" type="stmt"/>
        <line num="4" count="1" type="stmt"/>
        <line num="7" count="1" type="stmt"/>
        <line num="9" count="1" type="cond" truecount="6" falsecount="2"/>
        <line num="10" count="1" type="stmt"/>
        <line num="14" count="1" type="stmt"/>
        <line num="15" count="0" type="stmt"/>
        <line num="23" count="1" type="cond" truecount="3" falsecount="1"/>
        <line num="24" count="1" type="stmt"/>
        <line num="26" count="1" type="stmt"/>
        <line num="28" count="1" type="stmt"/>
        <line num="29" count="1" type="stmt"/>
        <line num="30" count="1" type="stmt"/>
        <line num="39" count="1" type="stmt"/>
        <line num="44" count="1" type="stmt"/>
        <line num="46" count="1" type="stmt"/>
        <line num="47" count="1" type="stmt"/>
      </file>
    </package>
  </project>
</coverage>
