<?xml version="1.0" encoding="UTF-8"?>
<coverage generated="1769534170114" clover="3.2.0">
  <project timestamp="1769534170116" name="All files">
    <metrics statements="207" coveredstatements="143" conditionals="92" coveredconditionals="71" methods="47" coveredmethods="33" elements="346" coveredelements="247" complexity="0" loc="207" ncloc="207" packages="9" files="19" classes="19"/>
    <package name="src">
      <metrics statements="39" coveredstatements="17" conditionals="16" coveredconditionals="9" methods="8" coveredmethods="6"/>
      <file name="app.controller.ts" path="/home/iut45/Etudiants/o22301328/Documents/nodejs/tp/realtime-elo-ranker/apps/realtime-elo-ranker-server/src/app.controller.ts">
        <metrics statements="17" coveredstatements="17" conditionals="12" coveredconditionals="9" methods="6" coveredmethods="6"/>
        <line num="1" count="1" type="stmt"/>
        <line num="2" count="1" type="stmt"/>
        <line num="3" count="1" type="stmt"/>
        <line num="4" count="1" type="stmt"/>
        <line num="7" count="1" type="stmt"/>
        <line num="9" count="3" type="cond" truecount="6" falsecount="2"/>
        <line num="10" count="3" type="stmt"/>
        <line num="15" count="1" type="stmt"/>
        <line num="16" count="1" type="stmt"/>
        <line num="21" count="1" type="cond" truecount="3" falsecount="1"/>
        <line num="22" count="1" type="stmt"/>
        <line num="24" count="1" type="stmt"/>
        <line num="25" count="1" type="stmt"/>
        <line num="29" count="1" type="stmt"/>
        <line num="32" count="1" type="stmt"/>
        <line num="35" count="1" type="stmt"/>
        <line num="36" count="1" type="stmt"/>
      </file>
      <file name="app.module.ts" path="/home/iut45/Etudiants/o22301328/Documents/nodejs/tp/realtime-elo-ranker/apps/realtime-elo-ranker-server/src/app.module.ts">
        <metrics statements="12" coveredstatements="0" conditionals="2" coveredconditionals="0" methods="0" coveredmethods="0"/>
        <line num="1" count="0" type="stmt"/>
        <line num="2" count="0" type="stmt"/>
        <line num="3" count="0" type="stmt"/>
        <line num="4" count="0" type="stmt"/>
        <line num="5" count="0" type="stmt"/>
        <line num="6" count="0" type="stmt"/>
        <line num="7" count="0" type="stmt"/>
        <line num="8" count="0" type="stmt"/>
        <line num="9" count="0" type="stmt"/>
        <line num="10" count="0" type="stmt"/>
        <line num="13" count="0" type="stmt"/>
        <line num="33" count="0" type="stmt"/>
      </file>
      <file name="app.service.ts" path="/home/iut45/Etudiants/o22301328/Documents/nodejs/tp/realtime-elo-ranker/apps/realtime-elo-ranker-server/src/app.service.ts">
        <metrics statements="3" coveredstatements="0" conditionals="0" coveredconditionals="0" methods="1" coveredmethods="0"/>
        <line num="1" count="0" type="stmt"/>
        <line num="4" count="0" type="stmt"/>
        <line num="6" count="0" type="stmt"/>
      </file>
      <file name="main.ts" path="/home/iut45/Etudiants/o22301328/Documents/nodejs/tp/realtime-elo-ranker/apps/realtime-elo-ranker-server/src/main.ts">
        <metrics statements="7" coveredstatements="0" conditionals="2" coveredconditionals="0" methods="1" coveredmethods="0"/>
        <line num="1" count="0" type="stmt"/>
        <line num="2" count="0" type="stmt"/>
        <line num="5" count="0" type="stmt"/>
        <line num="7" count="0" type="stmt"/>
        <line num="10" count="0" type="stmt"/>
        <line num="12" count="0" type="cond" truecount="0" falsecount="2"/>
        <line num="14" count="0" type="stmt"/>
      </file>
    </package>
    <package name="src.elo">
      <metrics statements="18" coveredstatements="14" conditionals="4" coveredconditionals="3" methods="8" coveredmethods="7"/>
      <file name="elo.module.ts" path="/home/iut45/Etudiants/o22301328/Documents/nodejs/tp/realtime-elo-ranker/apps/realtime-elo-ranker-server/src/elo/elo.module.ts">
        <metrics statements="3" coveredstatements="0" conditionals="0" coveredconditionals="0" methods="0" coveredmethods="0"/>
        <line num="1" count="0" type="stmt"/>
        <line num="2" count="0" type="stmt"/>
        <line num="8" count="0" type="stmt"/>
      </file>
      <file name="elo.service.ts" path="/home/iut45/Etudiants/o22301328/Documents/nodejs/tp/realtime-elo-ranker/apps/realtime-elo-ranker-server/src/elo/elo.service.ts">
        <metrics statements="15" coveredstatements="14" conditionals="4" coveredconditionals="3" methods="8" coveredmethods="7"/>
        <line num="1" count="7" type="stmt"/>
        <line num="2" count="7" type="stmt"/>
        <line num="6" count="7" type="stmt"/>
        <line num="8" count="0" type="stmt"/>
        <line num="10" count="5" type="stmt"/>
        <line num="11" count="5" type="stmt"/>
        <line num="13" count="5" type="cond" truecount="3" falsecount="1"/>
        <line num="16" count="3" type="stmt"/>
        <line num="17" count="3" type="stmt"/>
        <line num="26" count="2" type="stmt"/>
        <line num="27" count="2" type="stmt"/>
        <line num="31" count="1" type="stmt"/>
        <line num="32" count="1" type="stmt"/>
        <line num="39" count="1" type="stmt"/>
        <line num="43" count="1" type="stmt"/>
      </file>
    </package>
    <package name="src.match">
      <metrics statements="55" coveredstatements="45" conditionals="34" coveredconditionals="29" methods="8" coveredmethods="7"/>
      <file name="match.controller.ts" path="/home/iut45/Etudiants/o22301328/Documents/nodejs/tp/realtime-elo-ranker/apps/realtime-elo-ranker-server/src/match/match.controller.ts">
        <metrics statements="8" coveredstatements="6" conditionals="8" coveredconditionals="6" methods="2" coveredmethods="1"/>
        <line num="1" count="1" type="stmt"/>
        <line num="2" count="1" type="stmt"/>
        <line num="3" count="1" type="stmt"/>
        <line num="6" count="1" type="stmt"/>
        <line num="7" count="1" type="cond" truecount="3" falsecount="1"/>
        <line num="10" count="1" type="cond" truecount="3" falsecount="1"/>
        <line num="11" count="0" type="stmt"/>
        <line num="12" count="0" type="stmt"/>
      </file>
      <file name="match.module.ts" path="/home/iut45/Etudiants/o22301328/Documents/nodejs/tp/realtime-elo-ranker/apps/realtime-elo-ranker-server/src/match/match.module.ts">
        <metrics statements="8" coveredstatements="0" conditionals="0" coveredconditionals="0" methods="0" coveredmethods="0"/>
        <line num="1" count="0" type="stmt"/>
        <line num="2" count="0" type="stmt"/>
        <line num="3" count="0" type="stmt"/>
        <line num="4" count="0" type="stmt"/>
        <line num="5" count="0" type="stmt"/>
        <line num="6" count="0" type="stmt"/>
        <line num="7" count="0" type="stmt"/>
        <line num="14" count="0" type="stmt"/>
      </file>
      <file name="match.service.ts" path="/home/iut45/Etudiants/o22301328/Documents/nodejs/tp/realtime-elo-ranker/apps/realtime-elo-ranker-server/src/match/match.service.ts">
        <metrics statements="39" coveredstatements="39" conditionals="26" coveredconditionals="23" methods="6" coveredmethods="6"/>
        <line num="1" count="2" type="stmt"/>
        <line num="7" count="2" type="stmt"/>
        <line num="8" count="2" type="stmt"/>
        <line num="10" count="2" type="stmt"/>
        <line num="11" count="2" type="stmt"/>
        <line num="12" count="2" type="stmt"/>
        <line num="16" count="2" type="stmt"/>
        <line num="17" count="9" type="stmt"/>
        <line num="21" count="9" type="cond" truecount="6" falsecount="2"/>
        <line num="22" count="9" type="cond" truecount="3" falsecount="1"/>
        <line num="23" count="9" type="stmt"/>
        <line num="27" count="4" type="stmt"/>
        <line num="29" count="4" type="cond" truecount="2" falsecount="0"/>
        <line num="30" count="1" type="stmt"/>
        <line num="36" count="3" type="stmt"/>
        <line num="37" count="3" type="stmt"/>
        <line num="39" count="3" type="cond" truecount="4" falsecount="0"/>
        <line num="40" count="1" type="stmt"/>
        <line num="47" count="2" type="stmt"/>
        <line num="48" count="2" type="stmt"/>
        <line num="50" count="2" type="cond" truecount="2" falsecount="0"/>
        <line num="51" count="2" type="cond" truecount="2" falsecount="0"/>
        <line num="53" count="2" type="stmt"/>
        <line num="54" count="2" type="stmt"/>
        <line num="57" count="2" type="stmt"/>
        <line num="58" count="2" type="stmt"/>
        <line num="61" count="2" type="stmt"/>
        <line num="62" count="2" type="stmt"/>
        <line num="65" count="2" type="stmt"/>
        <line num="72" count="2" type="stmt"/>
        <line num="74" count="2" type="stmt"/>
        <line num="82" count="1" type="stmt"/>
        <line num="86" count="2" type="stmt"/>
        <line num="87" count="2" type="cond" truecount="2" falsecount="0"/>
        <line num="88" count="1" type="stmt"/>
        <line num="90" count="1" type="stmt"/>
        <line num="95" count="1" type="stmt"/>
        <line num="101" count="1" type="stmt"/>
        <line num="102" count="1" type="stmt"/>
      </file>
    </package>
    <package name="src.match.dto">
      <metrics statements="4" coveredstatements="1" conditionals="0" coveredconditionals="0" methods="0" coveredmethods="0"/>
      <file name="create-match.dto.ts" path="/home/iut45/Etudiants/o22301328/Documents/nodejs/tp/realtime-elo-ranker/apps/realtime-elo-ranker-server/src/match/dto/create-match.dto.ts">
        <metrics statements="1" coveredstatements="1" conditionals="0" coveredconditionals="0" methods="0" coveredmethods="0"/>
        <line num="1" count="1" type="stmt"/>
      </file>
      <file name="update-match.dto.ts" path="/home/iut45/Etudiants/o22301328/Documents/nodejs/tp/realtime-elo-ranker/apps/realtime-elo-ranker-server/src/match/dto/update-match.dto.ts">
        <metrics statements="3" coveredstatements="0" conditionals="0" coveredconditionals="0" methods="0" coveredmethods="0"/>
        <line num="1" count="0" type="stmt"/>
        <line num="2" count="0" type="stmt"/>
        <line num="4" count="0" type="stmt"/>
      </file>
    </package>
    <package name="src.match.entities">
      <metrics statements="7" coveredstatements="7" conditionals="4" coveredconditionals="3" methods="0" coveredmethods="0"/>
      <file name="match.entity.ts" path="/home/iut45/Etudiants/o22301328/Documents/nodejs/tp/realtime-elo-ranker/apps/realtime-elo-ranker-server/src/match/entities/match.entity.ts">
        <metrics statements="7" coveredstatements="7" conditionals="4" coveredconditionals="3" methods="0" coveredmethods="0"/>
        <line num="1" count="2" type="stmt"/>
        <line num="4" count="2" type="stmt"/>
        <line num="6" count="2" type="stmt"/>
        <line num="9" count="2" type="stmt"/>
        <line num="12" count="2" type="stmt"/>
        <line num="15" count="2" type="stmt"/>
        <line num="18" count="2" type="cond" truecount="3" falsecount="1"/>
      </file>
    </package>
    <package name="src.player">
      <metrics statements="58" coveredstatements="44" conditionals="22" coveredconditionals="18" methods="15" coveredmethods="10"/>
      <file name="player.controller.ts" path="/home/iut45/Etudiants/o22301328/Documents/nodejs/tp/realtime-elo-ranker/apps/realtime-elo-ranker-server/src/player/player.controller.ts">
        <metrics statements="14" coveredstatements="8" conditionals="8" coveredconditionals="6" methods="5" coveredmethods="1"/>
        <line num="1" count="1" type="stmt"/>
        <line num="2" count="1" type="stmt"/>
        <line num="3" count="1" type="stmt"/>
        <line num="6" count="1" type="stmt"/>
        <line num="7" count="1" type="cond" truecount="3" falsecount="1"/>
        <line num="10" count="1" type="cond" truecount="3" falsecount="1"/>
        <line num="11" count="0" type="stmt"/>
        <line num="12" count="0" type="stmt"/>
        <line num="19" count="1" type="stmt"/>
        <line num="20" count="0" type="stmt"/>
        <line num="21" count="0" type="stmt"/>
        <line num="28" count="1" type="stmt"/>
        <line num="29" count="0" type="stmt"/>
        <line num="30" count="0" type="stmt"/>
      </file>
      <file name="player.module.ts" path="/home/iut45/Etudiants/o22301328/Documents/nodejs/tp/realtime-elo-ranker/apps/realtime-elo-ranker-server/src/player/player.module.ts">
        <metrics statements="7" coveredstatements="0" conditionals="0" coveredconditionals="0" methods="0" coveredmethods="0"/>
        <line num="1" count="0" type="stmt"/>
        <line num="2" count="0" type="stmt"/>
        <line num="3" count="0" type="stmt"/>
        <line num="4" count="0" type="stmt"/>
        <line num="5" count="0" type="stmt"/>
        <line num="6" count="0" type="stmt"/>
        <line num="14" count="0" type="stmt"/>
      </file>
      <file name="player.service.ts" path="/home/iut45/Etudiants/o22301328/Documents/nodejs/tp/realtime-elo-ranker/apps/realtime-elo-ranker-server/src/player/player.service.ts">
        <metrics statements="37" coveredstatements="36" conditionals="14" coveredconditionals="12" methods="10" coveredmethods="9"/>
        <line num="1" count="4" type="stmt"/>
        <line num="7" count="4" type="stmt"/>
        <line num="8" count="4" type="stmt"/>
        <line num="9" count="4" type="stmt"/>
        <line num="10" count="4" type="stmt"/>
        <line num="15" count="4" type="stmt"/>
        <line num="18" count="9" type="cond" truecount="6" falsecount="2"/>
        <line num="19" count="9" type="stmt"/>
        <line num="23" count="1" type="stmt"/>
        <line num="27" count="5" type="stmt"/>
        <line num="28" count="5" type="stmt"/>
        <line num="33" count="3" type="stmt"/>
        <line num="36" count="3" type="cond" truecount="2" falsecount="0"/>
        <line num="37" count="1" type="stmt"/>
        <line num="43" count="2" type="stmt"/>
        <line num="45" count="2" type="cond" truecount="2" falsecount="0"/>
        <line num="47" count="2" type="stmt"/>
        <line num="51" count="2" type="stmt"/>
        <line num="56" count="2" type="stmt"/>
        <line num="58" count="2" type="stmt"/>
        <line num="59" count="2" type="stmt"/>
        <line num="61" count="2" type="stmt"/>
        <line num="65" count="0" type="stmt"/>
        <line num="69" count="2" type="stmt"/>
        <line num="70" count="2" type="cond" truecount="2" falsecount="0"/>
        <line num="71" count="1" type="stmt"/>
        <line num="73" count="1" type="stmt"/>
        <line num="78" count="1" type="stmt"/>
        <line num="82" count="1" type="stmt"/>
        <line num="83" count="1" type="stmt"/>
        <line num="84" count="1" type="stmt"/>
        <line num="85" count="1" type="stmt"/>
        <line num="86" count="1" type="stmt"/>
        <line num="90" count="1" type="stmt"/>
        <line num="91" count="1" type="stmt"/>
        <line num="92" count="1" type="stmt"/>
        <line num="93" count="1" type="stmt"/>
      </file>
    </package>
    <package name="src.player.dto">
      <metrics statements="4" coveredstatements="1" conditionals="0" coveredconditionals="0" methods="0" coveredmethods="0"/>
      <file name="create-player.dto.ts" path="/home/iut45/Etudiants/o22301328/Documents/nodejs/tp/realtime-elo-ranker/apps/realtime-elo-ranker-server/src/player/dto/create-player.dto.ts">
        <metrics statements="1" coveredstatements="1" conditionals="0" coveredconditionals="0" methods="0" coveredmethods="0"/>
        <line num="1" count="1" type="stmt"/>
      </file>
      <file name="update-player.dto.ts" path="/home/iut45/Etudiants/o22301328/Documents/nodejs/tp/realtime-elo-ranker/apps/realtime-elo-ranker-server/src/player/dto/update-player.dto.ts">
        <metrics statements="3" coveredstatements="0" conditionals="0" coveredconditionals="0" methods="0" coveredmethods="0"/>
        <line num="1" count="0" type="stmt"/>
        <line num="2" count="0" type="stmt"/>
        <line num="4" count="0" type="stmt"/>
      </file>
    </package>
    <package name="src.player.entities">
      <metrics statements="4" coveredstatements="4" conditionals="0" coveredconditionals="0" methods="0" coveredmethods="0"/>
      <file name="player.entity.ts" path="/home/iut45/Etudiants/o22301328/Documents/nodejs/tp/realtime-elo-ranker/apps/realtime-elo-ranker-server/src/player/entities/player.entity.ts">
        <metrics statements="4" coveredstatements="4" conditionals="0" coveredconditionals="0" methods="0" coveredmethods="0"/>
        <line num="1" count="4" type="stmt"/>
        <line num="4" count="4" type="stmt"/>
        <line num="6" count="4" type="stmt"/>
        <line num="9" count="4" type="stmt"/>
      </file>
    </package>
    <package name="src.ranking">
      <metrics statements="18" coveredstatements="10" conditionals="12" coveredconditionals="9" methods="8" coveredmethods="3"/>
      <file name="ranking.controller.ts" path="/home/iut45/Etudiants/o22301328/Documents/nodejs/tp/realtime-elo-ranker/apps/realtime-elo-ranker-server/src/ranking/ranking.controller.ts">
        <metrics statements="18" coveredstatements="10" conditionals="12" coveredconditionals="9" methods="8" coveredmethods="3"/>
        <line num="1" count="1" type="stmt"/>
        <line num="2" count="1" type="stmt"/>
        <line num="3" count="1" type="stmt"/>
        <line num="4" count="1" type="stmt"/>
        <line num="7" count="1" type="stmt"/>
        <line num="9" count="2" type="cond" truecount="6" falsecount="2"/>
        <line num="10" count="2" type="stmt"/>
        <line num="14" count="1" type="stmt"/>
        <line num="16" count="2" type="stmt"/>
        <line num="23" count="1" type="cond" truecount="3" falsecount="1"/>
        <line num="24" count="0" type="stmt"/>
        <line num="26" count="0" type="stmt"/>
        <line num="32" count="0" type="stmt"/>
        <line num="37" count="0" type="stmt"/>
        <line num="39" count="0" type="stmt"/>
        <line num="42" count="0" type="stmt"/>
        <line num="45" count="0" type="stmt"/>
        <line num="46" count="0" type="stmt"/>
      </file>
    </package>
  </project>
</coverage>
