{"/home/iut45/Etudiants/o22301328/Documents/nodejs/tp/realtime-elo-ranker/apps/realtime-elo-ranker-server/src/app.controller.ts": {"path":"/home/iut45/Etudiants/o22301328/Documents/nodejs/tp/realtime-elo-ranker/apps/realtime-elo-ranker-server/src/app.controller.ts","statementMap":{"0":{"start":{"line":1,"column":0},"end":{"line":1,"column":54}},"1":{"start":{"line":2,"column":0},"end":{"line":2,"column":54}},"2":{"start":{"line":3,"column":0},"end":{"line":3,"column":34}},"3":{"start":{"line":4,"column":0},"end":{"line":4,"column":47}},"4":{"start":{"line":7,"column":7},"end":{"line":40,"column":null}},"5":{"start":{"line":9,"column":21},"end":{"line":9,"column":33}},"6":{"start":{"line":10,"column":21},"end":{"line":10,"column":35}},"7":{"start":{"line":16,"column":4},"end":{"line":16,"column":40}},"8":{"start":{"line":22,"column":4},"end":{"line":38,"column":7}},"9":{"start":{"line":24,"column":23},"end":{"line":26,"column":7}},"10":{"start":{"line":25,"column":8},"end":{"line":25,"column":48}},"11":{"start":{"line":29,"column":6},"end":{"line":29,"column":55}},"12":{"start":{"line":32,"column":6},"end":{"line":32,"column":76}},"13":{"start":{"line":35,"column":6},"end":{"line":37,"column":8}},"14":{"start":{"line":36,"column":8},"end":{"line":36,"column":69}},"15":{"start":{"line":7,"column":13},"end":{"line":7,"column":26}},"16":{"start":{"line":15,"column":2},"end":{"line":17,"column":null}},"17":{"start":{"line":21,"column":2},"end":{"line":39,"column":null}},"18":{"start":{"line":7,"column":13},"end":{"line":40,"column":null}}},"fnMap":{"0":{"name":"(anonymous_2)","decl":{"start":{"line":8,"column":2},"end":{"line":8,"column":null}},"loc":{"start":{"line":10,"column":48},"end":{"line":11,"column":6}}},"1":{"name":"(anonymous_3)","decl":{"start":{"line":15,"column":2},"end":{"line":15,"column":12}},"loc":{"start":{"line":15,"column":12},"end":{"line":17,"column":3}}},"2":{"name":"(anonymous_4)","decl":{"start":{"line":21,"column":2},"end":{"line":21,"column":5}},"loc":{"start":{"line":21,"column":5},"end":{"line":39,"column":3}}},"3":{"name":"(anonymous_5)","decl":{"start":{"line":22,"column":26},"end":{"line":22,"column":27}},"loc":{"start":{"line":22,"column":39},"end":{"line":38,"column":5}}},"4":{"name":"(anonymous_6)","decl":{"start":{"line":24,"column":23},"end":{"line":24,"column":24}},"loc":{"start":{"line":24,"column":37},"end":{"line":26,"column":7}}},"5":{"name":"(anonymous_7)","decl":{"start":{"line":35,"column":13},"end":{"line":35,"column":16}},"loc":{"start":{"line":35,"column":18},"end":{"line":37,"column":7}}}},"branchMap":{"0":{"loc":{"start":{"line":21,"column":9},"end":{"line":21,"column":null}},"type":"cond-expr","locations":[{"start":{"line":21,"column":19},"end":{"line":21,"column":null}},{"start":{"line":21,"column":19},"end":{"line":21,"column":null}}]},"1":{"loc":{"start":{"line":21,"column":9},"end":{"line":21,"column":19}},"type":"binary-expr","locations":[{"start":{"line":21,"column":9},"end":{"line":21,"column":null}},{"start":{"line":21,"column":9},"end":{"line":21,"column":19}}]},"2":{"loc":{"start":{"line":9,"column":33},"end":{"line":9,"column":null}},"type":"cond-expr","locations":[{"start":{"line":9,"column":43},"end":{"line":9,"column":null}},{"start":{"line":9,"column":43},"end":{"line":9,"column":null}}]},"3":{"loc":{"start":{"line":9,"column":33},"end":{"line":9,"column":43}},"type":"binary-expr","locations":[{"start":{"line":9,"column":33},"end":{"line":9,"column":null}},{"start":{"line":9,"column":33},"end":{"line":9,"column":43}}]},"4":{"loc":{"start":{"line":9,"column":43},"end":{"line":10,"column":null}},"type":"cond-expr","locations":[{"start":{"line":10,"column":48},"end":{"line":10,"column":null}},{"start":{"line":10,"column":48},"end":{"line":10,"column":null}}]},"5":{"loc":{"start":{"line":9,"column":43},"end":{"line":10,"column":48}},"type":"binary-expr","locations":[{"start":{"line":9,"column":43},"end":{"line":10,"column":null}},{"start":{"line":10,"column":35},"end":{"line":10,"column":48}}]}},"s":{"0":1,"1":1,"2":1,"3":1,"4":1,"5":3,"6":3,"7":1,"8":1,"9":1,"10":1,"11":1,"12":1,"13":1,"14":1,"15":1,"16":1,"17":1,"18":1},"f":{"0":3,"1":1,"2":1,"3":1,"4":1,"5":1},"b":{"0":[1,0],"1":[1,1],"2":[1,0],"3":[1,1],"4":[1,0],"5":[1,1]}}
,"/home/iut45/Etudiants/o22301328/Documents/nodejs/tp/realtime-elo-ranker/apps/realtime-elo-ranker-server/src/app.module.ts": {"path":"/home/iut45/Etudiants/o22301328/Documents/nodejs/tp/realtime-elo-ranker/apps/realtime-elo-ranker-server/src/app.module.ts","statementMap":{"0":{"start":{"line":1,"column":0},"end":{"line":1,"column":40}},"1":{"start":{"line":2,"column":0},"end":{"line":2,"column":48}},"2":{"start":{"line":3,"column":0},"end":{"line":3,"column":59}},"3":{"start":{"line":4,"column":0},"end":{"line":4,"column":54}},"4":{"start":{"line":5,"column":0},"end":{"line":5,"column":51}},"5":{"start":{"line":6,"column":0},"end":{"line":6,"column":45}},"6":{"start":{"line":7,"column":0},"end":{"line":7,"column":49}},"7":{"start":{"line":8,"column":0},"end":{"line":8,"column":43}},"8":{"start":{"line":9,"column":0},"end":{"line":9,"column":57}},"9":{"start":{"line":10,"column":0},"end":{"line":10,"column":54}},"10":{"start":{"line":13,"column":15},"end":{"line":13,"column":46}},"11":{"start":{"line":33,"column":7},"end":{"line":33,"column":null}},"12":{"start":{"line":33,"column":13},"end":{"line":33,"column":22}},"13":{"start":{"line":33,"column":13},"end":{"line":33,"column":null}}},"fnMap":{},"branchMap":{"0":{"loc":{"start":{"line":21,"column":16},"end":{"line":21,"column":55}},"type":"cond-expr","locations":[{"start":{"line":21,"column":25},"end":{"line":21,"column":35}},{"start":{"line":21,"column":38},"end":{"line":21,"column":55}}]}},"s":{"0":0,"1":0,"2":0,"3":0,"4":0,"5":0,"6":0,"7":0,"8":0,"9":0,"10":0,"11":0,"12":0,"13":0},"f":{},"b":{"0":[0,0]}}
,"/home/iut45/Etudiants/o22301328/Documents/nodejs/tp/realtime-elo-ranker/apps/realtime-elo-ranker-server/src/app.service.ts": {"path":"/home/iut45/Etudiants/o22301328/Documents/nodejs/tp/realtime-elo-ranker/apps/realtime-elo-ranker-server/src/app.service.ts","statementMap":{"0":{"start":{"line":1,"column":0},"end":{"line":1,"column":44}},"1":{"start":{"line":4,"column":7},"end":{"line":8,"column":null}},"2":{"start":{"line":6,"column":4},"end":{"line":6,"column":26}},"3":{"start":{"line":4,"column":13},"end":{"line":4,"column":23}},"4":{"start":{"line":4,"column":13},"end":{"line":8,"column":null}}},"fnMap":{"0":{"name":"(anonymous_1)","decl":{"start":{"line":5,"column":2},"end":{"line":5,"column":10}},"loc":{"start":{"line":5,"column":10},"end":{"line":7,"column":3}}}},"branchMap":{},"s":{"0":0,"1":0,"2":0,"3":0,"4":0},"f":{"0":0},"b":{}}
,"/home/iut45/Etudiants/o22301328/Documents/nodejs/tp/realtime-elo-ranker/apps/realtime-elo-ranker-server/src/main.ts": {"path":"/home/iut45/Etudiants/o22301328/Documents/nodejs/tp/realtime-elo-ranker/apps/realtime-elo-ranker-server/src/main.ts","statementMap":{"0":{"start":{"line":1,"column":0},"end":{"line":1,"column":43}},"1":{"start":{"line":2,"column":0},"end":{"line":2,"column":41}},"2":{"start":{"line":5,"column":14},"end":{"line":5,"column":49}},"3":{"start":{"line":7,"column":2},"end":{"line":7,"column":29}},"4":{"start":{"line":10,"column":2},"end":{"line":10,"column":19}},"5":{"start":{"line":12,"column":2},"end":{"line":12,"column":45}},"6":{"start":{"line":14,"column":0},"end":{"line":14,"column":12}}},"fnMap":{"0":{"name":"bootstrap","decl":{"start":{"line":4,"column":15},"end":{"line":4,"column":24}},"loc":{"start":{"line":4,"column":24},"end":{"line":13,"column":1}}}},"branchMap":{"0":{"loc":{"start":{"line":12,"column":19},"end":{"line":12,"column":43}},"type":"binary-expr","locations":[{"start":{"line":12,"column":19},"end":{"line":12,"column":35}},{"start":{"line":12,"column":39},"end":{"line":12,"column":43}}]}},"s":{"0":0,"1":0,"2":0,"3":0,"4":0,"5":0,"6":0},"f":{"0":0},"b":{"0":[0,0]}}
,"/home/iut45/Etudiants/o22301328/Documents/nodejs/tp/realtime-elo-ranker/apps/realtime-elo-ranker-server/src/elo/elo.module.ts": {"path":"/home/iut45/Etudiants/o22301328/Documents/nodejs/tp/realtime-elo-ranker/apps/realtime-elo-ranker-server/src/elo/elo.module.ts","statementMap":{"0":{"start":{"line":1,"column":0},"end":{"line":1,"column":40}},"1":{"start":{"line":2,"column":0},"end":{"line":2,"column":43}},"2":{"start":{"line":8,"column":7},"end":{"line":8,"column":null}},"3":{"start":{"line":8,"column":13},"end":{"line":8,"column":22}},"4":{"start":{"line":8,"column":13},"end":{"line":8,"column":null}}},"fnMap":{},"branchMap":{},"s":{"0":0,"1":0,"2":0,"3":0,"4":0},"f":{},"b":{}}
,"/home/iut45/Etudiants/o22301328/Documents/nodejs/tp/realtime-elo-ranker/apps/realtime-elo-ranker-server/src/elo/elo.service.ts": {"path":"/home/iut45/Etudiants/o22301328/Documents/nodejs/tp/realtime-elo-ranker/apps/realtime-elo-ranker-server/src/elo/elo.service.ts","statementMap":{"0":{"start":{"line":1,"column":0},"end":{"line":1,"column":44}},"1":{"start":{"line":2,"column":0},"end":{"line":2,"column":54}},"2":{"start":{"line":6,"column":7},"end":{"line":45,"column":null}},"3":{"start":{"line":8,"column":4},"end":{"line":8,"column":47}},"4":{"start":{"line":10,"column":30},"end":{"line":10,"column":32}},"5":{"start":{"line":11,"column":30},"end":{"line":11,"column":32}},"6":{"start":{"line":13,"column":22},"end":{"line":13,"column":36}},"7":{"start":{"line":16,"column":17},"end":{"line":16,"column":46}},"8":{"start":{"line":17,"column":4},"end":{"line":17,"column":46}},"9":{"start":{"line":26,"column":6},"end":{"line":26,"column":67}},"10":{"start":{"line":27,"column":4},"end":{"line":27,"column":33}},"11":{"start":{"line":31,"column":4},"end":{"line":31,"column":62}},"12":{"start":{"line":31,"column":47},"end":{"line":31,"column":60}},"13":{"start":{"line":32,"column":4},"end":{"line":35,"column":7}},"14":{"start":{"line":39,"column":4},"end":{"line":39,"column":24}},"15":{"start":{"line":43,"column":4},"end":{"line":43,"column":52}},"16":{"start":{"line":6,"column":13},"end":{"line":6,"column":23}},"17":{"start":{"line":6,"column":13},"end":{"line":45,"column":null}}},"fnMap":{"0":{"name":"(anonymous_2)","decl":{"start":{"line":7,"column":2},"end":{"line":7,"column":18}},"loc":{"start":{"line":7,"column":18},"end":{"line":9,"column":3}}},"1":{"name":"(anonymous_3)","decl":{"start":{"line":13,"column":2},"end":{"line":13,"column":22}},"loc":{"start":{"line":13,"column":49},"end":{"line":13,"column":53}}},"2":{"name":"(anonymous_4)","decl":{"start":{"line":15,"column":2},"end":{"line":15,"column":24}},"loc":{"start":{"line":15,"column":69},"end":{"line":18,"column":3}}},"3":{"name":"(anonymous_5)","decl":{"start":{"line":20,"column":2},"end":{"line":20,"column":20}},"loc":{"start":{"line":23,"column":25},"end":{"line":28,"column":3}}},"4":{"name":"(anonymous_6)","decl":{"start":{"line":30,"column":2},"end":{"line":30,"column":15}},"loc":{"start":{"line":30,"column":33},"end":{"line":36,"column":3}}},"5":{"name":"(anonymous_7)","decl":{"start":{"line":31,"column":37},"end":{"line":31,"column":38}},"loc":{"start":{"line":31,"column":47},"end":{"line":31,"column":60}}},"6":{"name":"(anonymous_8)","decl":{"start":{"line":38,"column":2},"end":{"line":38,"column":12}},"loc":{"start":{"line":38,"column":12},"end":{"line":40,"column":3}}},"7":{"name":"(anonymous_9)","decl":{"start":{"line":42,"column":2},"end":{"line":42,"column":12}},"loc":{"start":{"line":42,"column":27},"end":{"line":44,"column":3}}}},"branchMap":{"0":{"loc":{"start":{"line":13,"column":36},"end":{"line":13,"column":52}},"type":"cond-expr","locations":[{"start":{"line":13,"column":49},"end":{"line":13,"column":52}},{"start":{"line":13,"column":49},"end":{"line":13,"column":52}}]},"1":{"loc":{"start":{"line":13,"column":36},"end":{"line":13,"column":49}},"type":"binary-expr","locations":[{"start":{"line":13,"column":36},"end":{"line":13,"column":52}},{"start":{"line":13,"column":36},"end":{"line":13,"column":49}}]}},"s":{"0":7,"1":7,"2":7,"3":0,"4":5,"5":5,"6":5,"7":3,"8":3,"9":2,"10":2,"11":1,"12":1,"13":1,"14":1,"15":1,"16":7,"17":7},"f":{"0":0,"1":5,"2":3,"3":2,"4":1,"5":1,"6":1,"7":1},"b":{"0":[7,0],"1":[7,7]}}
,"/home/iut45/Etudiants/o22301328/Documents/nodejs/tp/realtime-elo-ranker/apps/realtime-elo-ranker-server/src/match/match.controller.ts": {"path":"/home/iut45/Etudiants/o22301328/Documents/nodejs/tp/realtime-elo-ranker/apps/realtime-elo-ranker-server/src/match/match.controller.ts","statementMap":{"0":{"start":{"line":1,"column":0},"end":{"line":1,"column":56}},"1":{"start":{"line":2,"column":0},"end":{"line":2,"column":47}},"2":{"start":{"line":3,"column":0},"end":{"line":3,"column":56}},"3":{"start":{"line":6,"column":7},"end":{"line":17,"column":null}},"4":{"start":{"line":7,"column":31},"end":{"line":7,"column":45}},"5":{"start":{"line":11,"column":19},"end":{"line":11,"column":65}},"6":{"start":{"line":12,"column":4},"end":{"line":15,"column":6}},"7":{"start":{"line":6,"column":13},"end":{"line":6,"column":28}},"8":{"start":{"line":10,"column":8},"end":{"line":16,"column":null}},"9":{"start":{"line":6,"column":13},"end":{"line":17,"column":null}}},"fnMap":{"0":{"name":"(anonymous_4)","decl":{"start":{"line":7,"column":2},"end":{"line":7,"column":31}},"loc":{"start":{"line":7,"column":57},"end":{"line":7,"column":61}}},"1":{"name":"(anonymous_5)","decl":{"start":{"line":10,"column":8},"end":{"line":10,"column":14}},"loc":{"start":{"line":10,"column":53},"end":{"line":16,"column":3}}}},"branchMap":{"0":{"loc":{"start":{"line":10,"column":39},"end":{"line":10,"column":null}},"type":"cond-expr","locations":[{"start":{"line":10,"column":53},"end":{"line":10,"column":null}},{"start":{"line":10,"column":53},"end":{"line":10,"column":null}}]},"1":{"loc":{"start":{"line":10,"column":39},"end":{"line":10,"column":53}},"type":"binary-expr","locations":[{"start":{"line":10,"column":39},"end":{"line":10,"column":null}},{"start":{"line":10,"column":39},"end":{"line":10,"column":53}}]},"2":{"loc":{"start":{"line":7,"column":45},"end":{"line":7,"column":60}},"type":"cond-expr","locations":[{"start":{"line":7,"column":57},"end":{"line":7,"column":60}},{"start":{"line":7,"column":57},"end":{"line":7,"column":60}}]},"3":{"loc":{"start":{"line":7,"column":45},"end":{"line":7,"column":57}},"type":"binary-expr","locations":[{"start":{"line":7,"column":45},"end":{"line":7,"column":60}},{"start":{"line":7,"column":45},"end":{"line":7,"column":57}}]}},"s":{"0":1,"1":1,"2":1,"3":1,"4":1,"5":0,"6":0,"7":1,"8":1,"9":1},"f":{"0":1,"1":0},"b":{"0":[1,0],"1":[1,1],"2":[1,0],"3":[1,1]}}
,"/home/iut45/Etudiants/o22301328/Documents/nodejs/tp/realtime-elo-ranker/apps/realtime-elo-ranker-server/src/match/match.module.ts": {"path":"/home/iut45/Etudiants/o22301328/Documents/nodejs/tp/realtime-elo-ranker/apps/realtime-elo-ranker-server/src/match/match.module.ts","statementMap":{"0":{"start":{"line":1,"column":0},"end":{"line":1,"column":40}},"1":{"start":{"line":2,"column":0},"end":{"line":2,"column":48}},"2":{"start":{"line":3,"column":0},"end":{"line":3,"column":47}},"3":{"start":{"line":4,"column":0},"end":{"line":4,"column":53}},"4":{"start":{"line":5,"column":0},"end":{"line":5,"column":48}},"5":{"start":{"line":6,"column":0},"end":{"line":6,"column":55}},"6":{"start":{"line":7,"column":0},"end":{"line":7,"column":46}},"7":{"start":{"line":14,"column":7},"end":{"line":14,"column":null}},"8":{"start":{"line":14,"column":13},"end":{"line":14,"column":24}},"9":{"start":{"line":14,"column":13},"end":{"line":14,"column":null}}},"fnMap":{},"branchMap":{},"s":{"0":0,"1":0,"2":0,"3":0,"4":0,"5":0,"6":0,"7":0,"8":0,"9":0},"f":{},"b":{}}
,"/home/iut45/Etudiants/o22301328/Documents/nodejs/tp/realtime-elo-ranker/apps/realtime-elo-ranker-server/src/match/match.service.ts": {"path":"/home/iut45/Etudiants/o22301328/Documents/nodejs/tp/realtime-elo-ranker/apps/realtime-elo-ranker-server/src/match/match.service.ts","statementMap":{"0":{"start":{"line":1,"column":0},"end":{"line":1,"column":null}},"1":{"start":{"line":7,"column":0},"end":{"line":7,"column":51}},"2":{"start":{"line":8,"column":0},"end":{"line":8,"column":37}},"3":{"start":{"line":10,"column":0},"end":{"line":10,"column":57}},"4":{"start":{"line":11,"column":0},"end":{"line":11,"column":48}},"5":{"start":{"line":12,"column":0},"end":{"line":12,"column":48}},"6":{"start":{"line":16,"column":7},"end":{"line":104,"column":null}},"7":{"start":{"line":17,"column":22},"end":{"line":17,"column":23}},"8":{"start":{"line":21,"column":21},"end":{"line":21,"column":38}},"9":{"start":{"line":22,"column":21},"end":{"line":22,"column":36}},"10":{"start":{"line":23,"column":21},"end":{"line":23,"column":33}},"11":{"start":{"line":27,"column":36},"end":{"line":27,"column":50}},"12":{"start":{"line":29,"column":4},"end":{"line":33,"column":5}},"13":{"start":{"line":30,"column":6},"end":{"line":32,"column":8}},"14":{"start":{"line":36,"column":15},"end":{"line":36,"column":55}},"15":{"start":{"line":37,"column":15},"end":{"line":37,"column":54}},"16":{"start":{"line":39,"column":4},"end":{"line":44,"column":5}},"17":{"start":{"line":40,"column":6},"end":{"line":43,"column":9}},"18":{"start":{"line":47,"column":19},"end":{"line":47,"column":73}},"19":{"start":{"line":48,"column":19},"end":{"line":48,"column":73}},"20":{"start":{"line":50,"column":20},"end":{"line":50,"column":34}},"21":{"start":{"line":51,"column":20},"end":{"line":51,"column":34}},"22":{"start":{"line":53,"column":20},"end":{"line":53,"column":79}},"23":{"start":{"line":54,"column":20},"end":{"line":54,"column":79}},"24":{"start":{"line":57,"column":4},"end":{"line":57,"column":55}},"25":{"start":{"line":58,"column":4},"end":{"line":58,"column":55}},"26":{"start":{"line":61,"column":4},"end":{"line":61,"column":56}},"27":{"start":{"line":62,"column":4},"end":{"line":62,"column":56}},"28":{"start":{"line":65,"column":21},"end":{"line":70,"column":6}},"29":{"start":{"line":72,"column":4},"end":{"line":72,"column":46}},"30":{"start":{"line":74,"column":4},"end":{"line":78,"column":6}},"31":{"start":{"line":82,"column":4},"end":{"line":82,"column":39}},"32":{"start":{"line":86,"column":18},"end":{"line":86,"column":62}},"33":{"start":{"line":87,"column":4},"end":{"line":89,"column":5}},"34":{"start":{"line":88,"column":6},"end":{"line":88,"column":70}},"35":{"start":{"line":90,"column":4},"end":{"line":90,"column":17}},"36":{"start":{"line":95,"column":4},"end":{"line":97,"column":6}},"37":{"start":{"line":101,"column":18},"end":{"line":101,"column":40}},"38":{"start":{"line":102,"column":4},"end":{"line":102,"column":46}},"39":{"start":{"line":16,"column":13},"end":{"line":16,"column":25}},"40":{"start":{"line":16,"column":13},"end":{"line":104,"column":null}}},"fnMap":{"0":{"name":"(anonymous_4)","decl":{"start":{"line":19,"column":2},"end":{"line":19,"column":null}},"loc":{"start":{"line":23,"column":43},"end":{"line":24,"column":6}}},"1":{"name":"(anonymous_5)","decl":{"start":{"line":26,"column":2},"end":{"line":26,"column":7}},"loc":{"start":{"line":26,"column":45},"end":{"line":79,"column":3}}},"2":{"name":"(anonymous_6)","decl":{"start":{"line":81,"column":2},"end":{"line":81,"column":7}},"loc":{"start":{"line":81,"column":15},"end":{"line":83,"column":3}}},"3":{"name":"(anonymous_7)","decl":{"start":{"line":85,"column":2},"end":{"line":85,"column":7}},"loc":{"start":{"line":85,"column":26},"end":{"line":91,"column":3}}},"4":{"name":"(anonymous_8)","decl":{"start":{"line":94,"column":2},"end":{"line":94,"column":8}},"loc":{"start":{"line":94,"column":53},"end":{"line":98,"column":3}}},"5":{"name":"(anonymous_9)","decl":{"start":{"line":100,"column":2},"end":{"line":100,"column":7}},"loc":{"start":{"line":100,"column":25},"end":{"line":103,"column":3}}}},"branchMap":{"0":{"loc":{"start":{"line":29,"column":4},"end":{"line":33,"column":5}},"type":"if","locations":[{"start":{"line":29,"column":4},"end":{"line":33,"column":5}},{"start":{},"end":{}}]},"1":{"loc":{"start":{"line":39,"column":4},"end":{"line":44,"column":5}},"type":"if","locations":[{"start":{"line":39,"column":4},"end":{"line":44,"column":5}},{"start":{},"end":{}}]},"2":{"loc":{"start":{"line":39,"column":8},"end":{"line":39,"column":18}},"type":"binary-expr","locations":[{"start":{"line":39,"column":8},"end":{"line":39,"column":11}},{"start":{"line":39,"column":15},"end":{"line":39,"column":18}}]},"3":{"loc":{"start":{"line":50,"column":20},"end":{"line":50,"column":34}},"type":"cond-expr","locations":[{"start":{"line":50,"column":27},"end":{"line":50,"column":30}},{"start":{"line":50,"column":33},"end":{"line":50,"column":34}}]},"4":{"loc":{"start":{"line":51,"column":20},"end":{"line":51,"column":34}},"type":"cond-expr","locations":[{"start":{"line":51,"column":27},"end":{"line":51,"column":30}},{"start":{"line":51,"column":33},"end":{"line":51,"column":34}}]},"5":{"loc":{"start":{"line":68,"column":16},"end":{"line":68,"column":36}},"type":"cond-expr","locations":[{"start":{"line":68,"column":23},"end":{"line":68,"column":27}},{"start":{"line":68,"column":30},"end":{"line":68,"column":36}}]},"6":{"loc":{"start":{"line":87,"column":4},"end":{"line":89,"column":5}},"type":"if","locations":[{"start":{"line":87,"column":4},"end":{"line":89,"column":5}},{"start":{},"end":{}}]},"7":{"loc":{"start":{"line":21,"column":38},"end":{"line":21,"column":55}},"type":"cond-expr","locations":[{"start":{"line":21,"column":48},"end":{"line":21,"column":55}},{"start":{"line":21,"column":48},"end":{"line":21,"column":55}}]},"8":{"loc":{"start":{"line":21,"column":38},"end":{"line":21,"column":48}},"type":"binary-expr","locations":[{"start":{"line":21,"column":38},"end":{"line":21,"column":55}},{"start":{"line":21,"column":38},"end":{"line":21,"column":48}}]},"9":{"loc":{"start":{"line":21,"column":48},"end":{"line":22,"column":null}},"type":"cond-expr","locations":[{"start":{"line":22,"column":49},"end":{"line":22,"column":null}},{"start":{"line":22,"column":49},"end":{"line":22,"column":null}}]},"10":{"loc":{"start":{"line":21,"column":48},"end":{"line":22,"column":49}},"type":"binary-expr","locations":[{"start":{"line":21,"column":48},"end":{"line":22,"column":null}},{"start":{"line":22,"column":36},"end":{"line":22,"column":49}}]},"11":{"loc":{"start":{"line":22,"column":49},"end":{"line":23,"column":null}},"type":"cond-expr","locations":[{"start":{"line":23,"column":43},"end":{"line":23,"column":null}},{"start":{"line":23,"column":43},"end":{"line":23,"column":null}}]},"12":{"loc":{"start":{"line":22,"column":49},"end":{"line":23,"column":43}},"type":"binary-expr","locations":[{"start":{"line":22,"column":49},"end":{"line":23,"column":null}},{"start":{"line":23,"column":33},"end":{"line":23,"column":43}}]}},"s":{"0":2,"1":2,"2":2,"3":2,"4":2,"5":2,"6":2,"7":9,"8":9,"9":9,"10":9,"11":4,"12":4,"13":1,"14":3,"15":3,"16":3,"17":1,"18":2,"19":2,"20":2,"21":2,"22":2,"23":2,"24":2,"25":2,"26":2,"27":2,"28":2,"29":2,"30":2,"31":1,"32":2,"33":2,"34":1,"35":1,"36":1,"37":1,"38":1,"39":2,"40":2},"f":{"0":9,"1":4,"2":1,"3":2,"4":1,"5":1},"b":{"0":[1,3],"1":[1,2],"2":[3,2],"3":[1,1],"4":[1,1],"5":[1,1],"6":[1,1],"7":[2,0],"8":[2,2],"9":[2,0],"10":[2,2],"11":[2,0],"12":[2,2]}}
,"/home/iut45/Etudiants/o22301328/Documents/nodejs/tp/realtime-elo-ranker/apps/realtime-elo-ranker-server/src/match/dto/create-match.dto.ts": {"path":"/home/iut45/Etudiants/o22301328/Documents/nodejs/tp/realtime-elo-ranker/apps/realtime-elo-ranker-server/src/match/dto/create-match.dto.ts","statementMap":{"0":{"start":{"line":1,"column":0},"end":{"line":1,"column":13}}},"fnMap":{},"branchMap":{},"s":{"0":1},"f":{},"b":{}}
,"/home/iut45/Etudiants/o22301328/Documents/nodejs/tp/realtime-elo-ranker/apps/realtime-elo-ranker-server/src/match/dto/update-match.dto.ts": {"path":"/home/iut45/Etudiants/o22301328/Documents/nodejs/tp/realtime-elo-ranker/apps/realtime-elo-ranker-server/src/match/dto/update-match.dto.ts","statementMap":{"0":{"start":{"line":1,"column":0},"end":{"line":1,"column":51}},"1":{"start":{"line":2,"column":0},"end":{"line":2,"column":52}},"2":{"start":{"line":4,"column":0},"end":{"line":4,"column":13}}},"fnMap":{},"branchMap":{},"s":{"0":0,"1":0,"2":0},"f":{},"b":{}}
,"/home/iut45/Etudiants/o22301328/Documents/nodejs/tp/realtime-elo-ranker/apps/realtime-elo-ranker-server/src/match/entities/match.entity.ts": {"path":"/home/iut45/Etudiants/o22301328/Documents/nodejs/tp/realtime-elo-ranker/apps/realtime-elo-ranker-server/src/match/entities/match.entity.ts","statementMap":{"0":{"start":{"line":1,"column":0},"end":{"line":1,"column":65}},"1":{"start":{"line":4,"column":7},"end":{"line":19,"column":null}},"2":{"start":{"line":4,"column":13},"end":{"line":4,"column":18}},"3":{"start":{"line":6,"column":2},"end":{"line":6,"column":null}},"4":{"start":{"line":9,"column":2},"end":{"line":9,"column":null}},"5":{"start":{"line":12,"column":2},"end":{"line":12,"column":null}},"6":{"start":{"line":15,"column":2},"end":{"line":15,"column":null}},"7":{"start":{"line":18,"column":2},"end":{"line":18,"column":null}},"8":{"start":{"line":4,"column":13},"end":{"line":19,"column":null}}},"fnMap":{},"branchMap":{"0":{"loc":{"start":{"line":18,"column":12},"end":{"line":18,"column":17}},"type":"cond-expr","locations":[{"start":{"line":18,"column":16},"end":{"line":18,"column":17}},{"start":{"line":18,"column":16},"end":{"line":18,"column":17}}]},"1":{"loc":{"start":{"line":18,"column":12},"end":{"line":18,"column":16}},"type":"binary-expr","locations":[{"start":{"line":18,"column":12},"end":{"line":18,"column":17}},{"start":{"line":18,"column":12},"end":{"line":18,"column":16}}]}},"s":{"0":2,"1":2,"2":2,"3":2,"4":2,"5":2,"6":2,"7":2,"8":2},"f":{},"b":{"0":[2,0],"1":[2,2]}}
,"/home/iut45/Etudiants/o22301328/Documents/nodejs/tp/realtime-elo-ranker/apps/realtime-elo-ranker-server/src/player/player.controller.ts": {"path":"/home/iut45/Etudiants/o22301328/Documents/nodejs/tp/realtime-elo-ranker/apps/realtime-elo-ranker-server/src/player/player.controller.ts","statementMap":{"0":{"start":{"line":1,"column":0},"end":{"line":1,"column":68}},"1":{"start":{"line":2,"column":0},"end":{"line":2,"column":49}},"2":{"start":{"line":3,"column":0},"end":{"line":3,"column":58}},"3":{"start":{"line":6,"column":7},"end":{"line":35,"column":null}},"4":{"start":{"line":7,"column":31},"end":{"line":7,"column":46}},"5":{"start":{"line":11,"column":19},"end":{"line":11,"column":67}},"6":{"start":{"line":12,"column":4},"end":{"line":15,"column":6}},"7":{"start":{"line":20,"column":20},"end":{"line":20,"column":54}},"8":{"start":{"line":21,"column":4},"end":{"line":24,"column":8}},"9":{"start":{"line":21,"column":31},"end":{"line":24,"column":6}},"10":{"start":{"line":29,"column":19},"end":{"line":29,"column":55}},"11":{"start":{"line":30,"column":4},"end":{"line":33,"column":6}},"12":{"start":{"line":6,"column":13},"end":{"line":6,"column":29}},"13":{"start":{"line":10,"column":8},"end":{"line":16,"column":null}},"14":{"start":{"line":19,"column":8},"end":{"line":25,"column":null}},"15":{"start":{"line":28,"column":8},"end":{"line":34,"column":null}},"16":{"start":{"line":6,"column":13},"end":{"line":35,"column":null}}},"fnMap":{"0":{"name":"(anonymous_4)","decl":{"start":{"line":7,"column":2},"end":{"line":7,"column":31}},"loc":{"start":{"line":7,"column":59},"end":{"line":7,"column":63}}},"1":{"name":"(anonymous_5)","decl":{"start":{"line":10,"column":8},"end":{"line":10,"column":14}},"loc":{"start":{"line":10,"column":55},"end":{"line":16,"column":3}}},"2":{"name":"(anonymous_6)","decl":{"start":{"line":19,"column":8},"end":{"line":19,"column":15}},"loc":{"start":{"line":19,"column":15},"end":{"line":25,"column":3}}},"3":{"name":"(anonymous_7)","decl":{"start":{"line":21,"column":23},"end":{"line":21,"column":24}},"loc":{"start":{"line":21,"column":31},"end":{"line":24,"column":6}}},"4":{"name":"(anonymous_8)","decl":{"start":{"line":28,"column":8},"end":{"line":28,"column":15}},"loc":{"start":{"line":28,"column":39},"end":{"line":34,"column":3}}}},"branchMap":{"0":{"loc":{"start":{"line":10,"column":40},"end":{"line":10,"column":null}},"type":"cond-expr","locations":[{"start":{"line":10,"column":55},"end":{"line":10,"column":null}},{"start":{"line":10,"column":55},"end":{"line":10,"column":null}}]},"1":{"loc":{"start":{"line":10,"column":40},"end":{"line":10,"column":55}},"type":"binary-expr","locations":[{"start":{"line":10,"column":40},"end":{"line":10,"column":null}},{"start":{"line":10,"column":40},"end":{"line":10,"column":55}}]},"2":{"loc":{"start":{"line":7,"column":46},"end":{"line":7,"column":62}},"type":"cond-expr","locations":[{"start":{"line":7,"column":59},"end":{"line":7,"column":62}},{"start":{"line":7,"column":59},"end":{"line":7,"column":62}}]},"3":{"loc":{"start":{"line":7,"column":46},"end":{"line":7,"column":59}},"type":"binary-expr","locations":[{"start":{"line":7,"column":46},"end":{"line":7,"column":62}},{"start":{"line":7,"column":46},"end":{"line":7,"column":59}}]}},"s":{"0":1,"1":1,"2":1,"3":1,"4":1,"5":0,"6":0,"7":0,"8":0,"9":0,"10":0,"11":0,"12":1,"13":1,"14":1,"15":1,"16":1},"f":{"0":1,"1":0,"2":0,"3":0,"4":0},"b":{"0":[1,0],"1":[1,1],"2":[1,0],"3":[1,1]}}
,"/home/iut45/Etudiants/o22301328/Documents/nodejs/tp/realtime-elo-ranker/apps/realtime-elo-ranker-server/src/player/player.module.ts": {"path":"/home/iut45/Etudiants/o22301328/Documents/nodejs/tp/realtime-elo-ranker/apps/realtime-elo-ranker-server/src/player/player.module.ts","statementMap":{"0":{"start":{"line":1,"column":0},"end":{"line":1,"column":40}},"1":{"start":{"line":2,"column":0},"end":{"line":2,"column":48}},"2":{"start":{"line":3,"column":0},"end":{"line":3,"column":49}},"3":{"start":{"line":4,"column":0},"end":{"line":4,"column":55}},"4":{"start":{"line":5,"column":0},"end":{"line":5,"column":50}},"5":{"start":{"line":6,"column":0},"end":{"line":6,"column":46}},"6":{"start":{"line":14,"column":7},"end":{"line":14,"column":null}},"7":{"start":{"line":14,"column":13},"end":{"line":14,"column":25}},"8":{"start":{"line":14,"column":13},"end":{"line":14,"column":null}}},"fnMap":{},"branchMap":{},"s":{"0":0,"1":0,"2":0,"3":0,"4":0,"5":0,"6":0,"7":0,"8":0},"f":{},"b":{}}
,"/home/iut45/Etudiants/o22301328/Documents/nodejs/tp/realtime-elo-ranker/apps/realtime-elo-ranker-server/src/player/player.service.ts": {"path":"/home/iut45/Etudiants/o22301328/Documents/nodejs/tp/realtime-elo-ranker/apps/realtime-elo-ranker-server/src/player/player.service.ts","statementMap":{"0":{"start":{"line":1,"column":0},"end":{"line":1,"column":null}},"1":{"start":{"line":7,"column":0},"end":{"line":7,"column":51}},"2":{"start":{"line":8,"column":0},"end":{"line":8,"column":37}},"3":{"start":{"line":9,"column":0},"end":{"line":9,"column":50}},"4":{"start":{"line":10,"column":0},"end":{"line":10,"column":48}},"5":{"start":{"line":15,"column":7},"end":{"line":95,"column":null}},"6":{"start":{"line":18,"column":21},"end":{"line":18,"column":39}},"7":{"start":{"line":19,"column":21},"end":{"line":19,"column":33}},"8":{"start":{"line":23,"column":4},"end":{"line":23,"column":29}},"9":{"start":{"line":27,"column":23},"end":{"line":27,"column":57}},"10":{"start":{"line":28,"column":4},"end":{"line":28,"column":46}},"11":{"start":{"line":33,"column":21},"end":{"line":35,"column":6}},"12":{"start":{"line":36,"column":4},"end":{"line":40,"column":5}},"13":{"start":{"line":37,"column":6},"end":{"line":39,"column":8}},"14":{"start":{"line":43,"column":20},"end":{"line":43,"column":54}},"15":{"start":{"line":45,"column":6},"end":{"line":49,"column":14}},"16":{"start":{"line":47,"column":39},"end":{"line":47,"column":50}},"17":{"start":{"line":51,"column":22},"end":{"line":54,"column":6}},"18":{"start":{"line":56,"column":24},"end":{"line":56,"column":67}},"19":{"start":{"line":58,"column":4},"end":{"line":58,"column":29}},"20":{"start":{"line":59,"column":4},"end":{"line":59,"column":44}},"21":{"start":{"line":61,"column":4},"end":{"line":61,"column":23}},"22":{"start":{"line":65,"column":4},"end":{"line":65,"column":40}},"23":{"start":{"line":69,"column":19},"end":{"line":69,"column":64}},"24":{"start":{"line":70,"column":4},"end":{"line":72,"column":5}},"25":{"start":{"line":71,"column":6},"end":{"line":71,"column":63}},"26":{"start":{"line":73,"column":4},"end":{"line":73,"column":18}},"27":{"start":{"line":78,"column":4},"end":{"line":78,"column":28}},"28":{"start":{"line":82,"column":19},"end":{"line":82,"column":41}},"29":{"start":{"line":83,"column":4},"end":{"line":83,"column":21}},"30":{"start":{"line":84,"column":18},"end":{"line":84,"column":58}},"31":{"start":{"line":85,"column":4},"end":{"line":85,"column":29}},"32":{"start":{"line":86,"column":4},"end":{"line":86,"column":17}},"33":{"start":{"line":90,"column":19},"end":{"line":90,"column":41}},"34":{"start":{"line":91,"column":20},"end":{"line":91,"column":62}},"35":{"start":{"line":92,"column":4},"end":{"line":92,"column":29}},"36":{"start":{"line":93,"column":4},"end":{"line":93,"column":19}},"37":{"start":{"line":15,"column":13},"end":{"line":15,"column":26}},"38":{"start":{"line":15,"column":13},"end":{"line":95,"column":null}}},"fnMap":{"0":{"name":"(anonymous_4)","decl":{"start":{"line":16,"column":2},"end":{"line":16,"column":null}},"loc":{"start":{"line":19,"column":43},"end":{"line":20,"column":6}}},"1":{"name":"(anonymous_5)","decl":{"start":{"line":22,"column":2},"end":{"line":22,"column":7}},"loc":{"start":{"line":22,"column":20},"end":{"line":24,"column":3}}},"2":{"name":"(anonymous_6)","decl":{"start":{"line":26,"column":2},"end":{"line":26,"column":7}},"loc":{"start":{"line":26,"column":19},"end":{"line":29,"column":3}}},"3":{"name":"(anonymous_7)","decl":{"start":{"line":31,"column":2},"end":{"line":31,"column":7}},"loc":{"start":{"line":31,"column":47},"end":{"line":62,"column":3}}},"4":{"name":"(anonymous_8)","decl":{"start":{"line":47,"column":27},"end":{"line":47,"column":28}},"loc":{"start":{"line":47,"column":39},"end":{"line":47,"column":50}}},"5":{"name":"(anonymous_9)","decl":{"start":{"line":64,"column":2},"end":{"line":64,"column":7}},"loc":{"start":{"line":64,"column":15},"end":{"line":66,"column":3}}},"6":{"name":"(anonymous_10)","decl":{"start":{"line":68,"column":2},"end":{"line":68,"column":7}},"loc":{"start":{"line":68,"column":26},"end":{"line":74,"column":3}}},"7":{"name":"(anonymous_11)","decl":{"start":{"line":77,"column":2},"end":{"line":77,"column":7}},"loc":{"start":{"line":77,"column":60},"end":{"line":79,"column":3}}},"8":{"name":"(anonymous_12)","decl":{"start":{"line":81,"column":2},"end":{"line":81,"column":7}},"loc":{"start":{"line":81,"column":41},"end":{"line":87,"column":3}}},"9":{"name":"(anonymous_13)","decl":{"start":{"line":89,"column":2},"end":{"line":89,"column":7}},"loc":{"start":{"line":89,"column":25},"end":{"line":94,"column":3}}}},"branchMap":{"0":{"loc":{"start":{"line":36,"column":4},"end":{"line":40,"column":5}},"type":"if","locations":[{"start":{"line":36,"column":4},"end":{"line":40,"column":5}},{"start":{},"end":{}}]},"1":{"loc":{"start":{"line":45,"column":6},"end":{"line":49,"column":14}},"type":"cond-expr","locations":[{"start":{"line":46,"column":10},"end":{"line":47,"column":null}},{"start":{"line":49,"column":10},"end":{"line":49,"column":14}}]},"2":{"loc":{"start":{"line":70,"column":4},"end":{"line":72,"column":5}},"type":"if","locations":[{"start":{"line":70,"column":4},"end":{"line":72,"column":5}},{"start":{},"end":{}}]},"3":{"loc":{"start":{"line":18,"column":39},"end":{"line":18,"column":57}},"type":"cond-expr","locations":[{"start":{"line":18,"column":49},"end":{"line":18,"column":57}},{"start":{"line":18,"column":49},"end":{"line":18,"column":57}}]},"4":{"loc":{"start":{"line":18,"column":39},"end":{"line":18,"column":49}},"type":"binary-expr","locations":[{"start":{"line":18,"column":39},"end":{"line":18,"column":57}},{"start":{"line":18,"column":39},"end":{"line":18,"column":49}}]},"5":{"loc":{"start":{"line":18,"column":49},"end":{"line":19,"column":null}},"type":"cond-expr","locations":[{"start":{"line":19,"column":43},"end":{"line":19,"column":null}},{"start":{"line":19,"column":43},"end":{"line":19,"column":null}}]},"6":{"loc":{"start":{"line":18,"column":49},"end":{"line":19,"column":43}},"type":"binary-expr","locations":[{"start":{"line":18,"column":49},"end":{"line":19,"column":null}},{"start":{"line":19,"column":33},"end":{"line":19,"column":43}}]}},"s":{"0":4,"1":4,"2":4,"3":4,"4":4,"5":4,"6":9,"7":9,"8":1,"9":5,"10":5,"11":3,"12":3,"13":1,"14":2,"15":2,"16":2,"17":2,"18":2,"19":2,"20":2,"21":2,"22":0,"23":2,"24":2,"25":1,"26":1,"27":1,"28":1,"29":1,"30":1,"31":1,"32":1,"33":1,"34":1,"35":1,"36":1,"37":4,"38":4},"f":{"0":9,"1":1,"2":5,"3":3,"4":2,"5":0,"6":2,"7":1,"8":1,"9":1},"b":{"0":[1,2],"1":[1,1],"2":[1,1],"3":[4,0],"4":[4,4],"5":[4,0],"6":[4,4]}}
,"/home/iut45/Etudiants/o22301328/Documents/nodejs/tp/realtime-elo-ranker/apps/realtime-elo-ranker-server/src/player/dto/create-player.dto.ts": {"path":"/home/iut45/Etudiants/o22301328/Documents/nodejs/tp/realtime-elo-ranker/apps/realtime-elo-ranker-server/src/player/dto/create-player.dto.ts","statementMap":{"0":{"start":{"line":1,"column":0},"end":{"line":1,"column":13}}},"fnMap":{},"branchMap":{},"s":{"0":1},"f":{},"b":{}}
,"/home/iut45/Etudiants/o22301328/Documents/nodejs/tp/realtime-elo-ranker/apps/realtime-elo-ranker-server/src/player/dto/update-player.dto.ts": {"path":"/home/iut45/Etudiants/o22301328/Documents/nodejs/tp/realtime-elo-ranker/apps/realtime-elo-ranker-server/src/player/dto/update-player.dto.ts","statementMap":{"0":{"start":{"line":1,"column":0},"end":{"line":1,"column":51}},"1":{"start":{"line":2,"column":0},"end":{"line":2,"column":54}},"2":{"start":{"line":4,"column":0},"end":{"line":4,"column":13}}},"fnMap":{},"branchMap":{},"s":{"0":0,"1":0,"2":0},"f":{},"b":{}}
,"/home/iut45/Etudiants/o22301328/Documents/nodejs/tp/realtime-elo-ranker/apps/realtime-elo-ranker-server/src/player/entities/player.entity.ts": {"path":"/home/iut45/Etudiants/o22301328/Documents/nodejs/tp/realtime-elo-ranker/apps/realtime-elo-ranker-server/src/player/entities/player.entity.ts","statementMap":{"0":{"start":{"line":1,"column":0},"end":{"line":1,"column":56}},"1":{"start":{"line":4,"column":7},"end":{"line":10,"column":null}},"2":{"start":{"line":4,"column":13},"end":{"line":4,"column":19}},"3":{"start":{"line":6,"column":2},"end":{"line":6,"column":null}},"4":{"start":{"line":9,"column":2},"end":{"line":9,"column":null}},"5":{"start":{"line":4,"column":13},"end":{"line":10,"column":null}}},"fnMap":{},"branchMap":{},"s":{"0":4,"1":4,"2":4,"3":4,"4":4,"5":4},"f":{},"b":{}}
,"/home/iut45/Etudiants/o22301328/Documents/nodejs/tp/realtime-elo-ranker/apps/realtime-elo-ranker-server/src/ranking/ranking.controller.ts": {"path":"/home/iut45/Etudiants/o22301328/Documents/nodejs/tp/realtime-elo-ranker/apps/realtime-elo-ranker-server/src/ranking/ranking.controller.ts","statementMap":{"0":{"start":{"line":1,"column":0},"end":{"line":1,"column":68}},"1":{"start":{"line":2,"column":0},"end":{"line":2,"column":54}},"2":{"start":{"line":3,"column":0},"end":{"line":3,"column":34}},"3":{"start":{"line":4,"column":0},"end":{"line":4,"column":48}},"4":{"start":{"line":7,"column":7},"end":{"line":50,"column":null}},"5":{"start":{"line":9,"column":21},"end":{"line":9,"column":33}},"6":{"start":{"line":10,"column":21},"end":{"line":10,"column":35}},"7":{"start":{"line":16,"column":4},"end":{"line":19,"column":8}},"8":{"start":{"line":16,"column":52},"end":{"line":19,"column":6}},"9":{"start":{"line":24,"column":4},"end":{"line":48,"column":7}},"10":{"start":{"line":26,"column":29},"end":{"line":29,"column":9}},"11":{"start":{"line":26,"column":70},"end":{"line":29,"column":8}},"12":{"start":{"line":32,"column":6},"end":{"line":34,"column":25}},"13":{"start":{"line":37,"column":23},"end":{"line":40,"column":7}},"14":{"start":{"line":39,"column":8},"end":{"line":39,"column":59}},"15":{"start":{"line":42,"column":6},"end":{"line":42,"column":55}},"16":{"start":{"line":45,"column":6},"end":{"line":47,"column":8}},"17":{"start":{"line":46,"column":8},"end":{"line":46,"column":69}},"18":{"start":{"line":7,"column":13},"end":{"line":7,"column":30}},"19":{"start":{"line":14,"column":2},"end":{"line":20,"column":null}},"20":{"start":{"line":23,"column":2},"end":{"line":49,"column":null}},"21":{"start":{"line":7,"column":13},"end":{"line":50,"column":null}}},"fnMap":{"0":{"name":"(anonymous_2)","decl":{"start":{"line":8,"column":2},"end":{"line":8,"column":null}},"loc":{"start":{"line":10,"column":48},"end":{"line":11,"column":6}}},"1":{"name":"(anonymous_3)","decl":{"start":{"line":14,"column":2},"end":{"line":14,"column":12}},"loc":{"start":{"line":14,"column":12},"end":{"line":20,"column":3}}},"2":{"name":"(anonymous_4)","decl":{"start":{"line":16,"column":44},"end":{"line":16,"column":45}},"loc":{"start":{"line":16,"column":52},"end":{"line":19,"column":6}}},"3":{"name":"(anonymous_5)","decl":{"start":{"line":23,"column":2},"end":{"line":23,"column":5}},"loc":{"start":{"line":23,"column":5},"end":{"line":49,"column":3}}},"4":{"name":"(anonymous_6)","decl":{"start":{"line":24,"column":26},"end":{"line":24,"column":27}},"loc":{"start":{"line":24,"column":39},"end":{"line":48,"column":5}}},"5":{"name":"(anonymous_7)","decl":{"start":{"line":26,"column":62},"end":{"line":26,"column":63}},"loc":{"start":{"line":26,"column":70},"end":{"line":29,"column":8}}},"6":{"name":"(anonymous_8)","decl":{"start":{"line":37,"column":23},"end":{"line":37,"column":24}},"loc":{"start":{"line":37,"column":42},"end":{"line":40,"column":7}}},"7":{"name":"(anonymous_9)","decl":{"start":{"line":45,"column":13},"end":{"line":45,"column":16}},"loc":{"start":{"line":45,"column":18},"end":{"line":47,"column":7}}}},"branchMap":{"0":{"loc":{"start":{"line":23,"column":9},"end":{"line":23,"column":null}},"type":"cond-expr","locations":[{"start":{"line":23,"column":19},"end":{"line":23,"column":null}},{"start":{"line":23,"column":19},"end":{"line":23,"column":null}}]},"1":{"loc":{"start":{"line":23,"column":9},"end":{"line":23,"column":19}},"type":"binary-expr","locations":[{"start":{"line":23,"column":9},"end":{"line":23,"column":null}},{"start":{"line":23,"column":9},"end":{"line":23,"column":19}}]},"2":{"loc":{"start":{"line":9,"column":33},"end":{"line":9,"column":null}},"type":"cond-expr","locations":[{"start":{"line":9,"column":43},"end":{"line":9,"column":null}},{"start":{"line":9,"column":43},"end":{"line":9,"column":null}}]},"3":{"loc":{"start":{"line":9,"column":33},"end":{"line":9,"column":43}},"type":"binary-expr","locations":[{"start":{"line":9,"column":33},"end":{"line":9,"column":null}},{"start":{"line":9,"column":33},"end":{"line":9,"column":43}}]},"4":{"loc":{"start":{"line":9,"column":43},"end":{"line":10,"column":null}},"type":"cond-expr","locations":[{"start":{"line":10,"column":48},"end":{"line":10,"column":null}},{"start":{"line":10,"column":48},"end":{"line":10,"column":null}}]},"5":{"loc":{"start":{"line":9,"column":43},"end":{"line":10,"column":48}},"type":"binary-expr","locations":[{"start":{"line":9,"column":43},"end":{"line":10,"column":null}},{"start":{"line":10,"column":35},"end":{"line":10,"column":48}}]}},"s":{"0":1,"1":1,"2":1,"3":1,"4":1,"5":2,"6":2,"7":1,"8":2,"9":0,"10":0,"11":0,"12":0,"13":0,"14":0,"15":0,"16":0,"17":0,"18":1,"19":1,"20":1,"21":1},"f":{"0":2,"1":1,"2":2,"3":0,"4":0,"5":0,"6":0,"7":0},"b":{"0":[1,0],"1":[1,1],"2":[1,0],"3":[1,1],"4":[1,0],"5":[1,1]}}
}
