TN:
SF:src/app.controller.ts
FN:6,(anonymous_2)
FN:9,(anonymous_3)
FNF:2
FNH:2
FNDA:1,(anonymous_2)
FNDA:1,(anonymous_3)
DA:1,1
DA:2,1
DA:5,1
DA:6,1
DA:9,1
DA:10,1
LF:6
LH:6
BRDA:6,0,0,1
BRDA:6,0,1,0
BRDA:6,1,0,1
BRDA:6,1,1,1
BRF:4
BRH:3
end_of_record
TN:
SF:src/app.service.ts
FN:5,(anonymous_1)
FNF:1
FNH:0
FNDA:0,(anonymous_1)
DA:1,1
DA:4,1
DA:6,0
LF:3
LH:2
BRF:0
BRH:0
end_of_record
TN:
SF:src/elo/elo.service.ts
FN:7,(anonymous_2)
FN:13,(anonymous_3)
FN:15,(anonymous_4)
FN:20,(anonymous_5)
FN:30,(anonymous_6)
FN:31,(anonymous_7)
FN:38,(anonymous_8)
FN:42,(anonymous_9)
FNF:8
FNH:7
FNDA:0,(anonymous_2)
FNDA:5,(anonymous_3)
FNDA:3,(anonymous_4)
FNDA:2,(anonymous_5)
FNDA:1,(anonymous_6)
FNDA:1,(anonymous_7)
FNDA:1,(anonymous_8)
FNDA:1,(anonymous_9)
DA:1,6
DA:2,6
DA:6,6
DA:8,0
DA:10,5
DA:11,5
DA:13,5
DA:16,3
DA:17,3
DA:26,2
DA:27,2
DA:31,1
DA:32,1
DA:39,1
DA:43,1
LF:15
LH:14
BRDA:13,0,0,6
BRDA:13,0,1,0
BRDA:13,1,0,6
BRDA:13,1,1,6
BRF:4
BRH:3
end_of_record
TN:
SF:src/match/match.controller.ts
FN:7,(anonymous_4)
FN:10,(anonymous_5)
FNF:2
FNH:2
FNDA:1,(anonymous_4)
FNDA:1,(anonymous_5)
DA:1,1
DA:2,1
DA:3,1
DA:6,1
DA:7,1
DA:10,1
DA:11,1
DA:12,1
LF:8
LH:8
BRDA:10,0,0,1
BRDA:10,0,1,0
BRDA:10,1,0,1
BRDA:10,1,1,1
BRDA:7,2,0,1
BRDA:7,2,1,0
BRDA:7,3,0,1
BRDA:7,3,1,1
BRF:8
BRH:6
end_of_record
TN:
SF:src/match/match.service.ts
FN:16,(anonymous_4)
FN:23,(anonymous_5)
FN:73,(anonymous_6)
FN:77,(anonymous_7)
FN:84,(anonymous_8)
FN:88,(anonymous_9)
FNF:6
FNH:6
FNDA:9,(anonymous_4)
FNDA:4,(anonymous_5)
FNDA:1,(anonymous_6)
FNDA:2,(anonymous_7)
FNDA:1,(anonymous_8)
FNDA:1,(anonymous_9)
DA:1,2
DA:7,2
DA:8,2
DA:10,2
DA:11,2
DA:12,2
DA:15,2
DA:18,9
DA:19,9
DA:20,9
DA:24,4
DA:26,4
DA:27,1
DA:32,3
DA:33,3
DA:35,3
DA:36,1
DA:39,2
DA:40,2
DA:42,2
DA:43,2
DA:45,2
DA:46,2
DA:48,2
DA:49,2
DA:51,2
DA:52,2
DA:54,2
DA:55,2
DA:57,2
DA:64,2
DA:66,2
DA:74,1
DA:78,2
DA:79,2
DA:80,1
DA:85,1
DA:89,1
DA:90,1
LF:39
LH:39
BRDA:26,0,0,1
BRDA:26,0,1,3
BRDA:35,1,0,1
BRDA:35,1,1,2
BRDA:35,2,0,3
BRDA:35,2,1,2
BRDA:42,3,0,1
BRDA:42,3,1,1
BRDA:43,4,0,1
BRDA:43,4,1,1
BRDA:60,5,0,1
BRDA:60,5,1,1
BRDA:79,6,0,1
BRDA:79,6,1,1
BRDA:18,7,0,2
BRDA:18,7,1,0
BRDA:18,8,0,2
BRDA:18,8,1,2
BRDA:18,9,0,2
BRDA:18,9,1,0
BRDA:18,10,0,2
BRDA:18,10,1,2
BRDA:19,11,0,2
BRDA:19,11,1,0
BRDA:19,12,0,2
BRDA:19,12,1,2
BRF:26
BRH:23
end_of_record
TN:
SF:src/match/dto/create-match.dto.ts
FNF:0
FNH:0
DA:1,1
LF:1
LH:1
BRF:0
BRH:0
end_of_record
TN:
SF:src/match/dto/update-match.dto.ts
FNF:0
FNH:0
DA:1,0
DA:2,0
DA:4,0
LF:3
LH:0
BRF:0
BRH:0
end_of_record
TN:
SF:src/player/player.controller.ts
FN:7,(anonymous_4)
FN:10,(anonymous_5)
FN:19,(anonymous_6)
FN:21,(anonymous_7)
FN:28,(anonymous_8)
FNF:5
FNH:5
FNDA:3,(anonymous_4)
FNDA:1,(anonymous_5)
FNDA:1,(anonymous_6)
FNDA:1,(anonymous_7)
FNDA:1,(anonymous_8)
DA:1,1
DA:2,1
DA:3,1
DA:6,1
DA:7,3
DA:10,1
DA:11,1
DA:12,1
DA:19,1
DA:20,1
DA:21,1
DA:28,1
DA:29,1
DA:30,1
LF:14
LH:14
BRDA:10,0,0,1
BRDA:10,0,1,0
BRDA:10,1,0,1
BRDA:10,1,1,1
BRDA:7,2,0,1
BRDA:7,2,1,0
BRDA:7,3,0,1
BRDA:7,3,1,1
BRF:8
BRH:6
end_of_record
TN:
SF:src/player/player.service.ts
FN:16,(anonymous_4)
FN:22,(anonymous_5)
FN:26,(anonymous_6)
FN:31,(anonymous_7)
FN:45,(anonymous_8)
FN:61,(anonymous_9)
FN:65,(anonymous_10)
FN:72,(anonymous_11)
FN:76,(anonymous_12)
FN:84,(anonymous_13)
FNF:10
FNH:9
FNDA:9,(anonymous_4)
FNDA:1,(anonymous_5)
FNDA:5,(anonymous_6)
FNDA:3,(anonymous_7)
FNDA:2,(anonymous_8)
FNDA:0,(anonymous_9)
FNDA:2,(anonymous_10)
FNDA:1,(anonymous_11)
FNDA:1,(anonymous_12)
FNDA:1,(anonymous_13)
DA:1,4
DA:7,4
DA:8,4
DA:9,4
DA:10,4
DA:15,4
DA:18,9
DA:19,9
DA:23,1
DA:27,5
DA:28,5
DA:32,3
DA:35,3
DA:36,1
DA:41,2
DA:43,2
DA:45,2
DA:49,2
DA:54,2
DA:55,2
DA:56,2
DA:58,2
DA:62,0
DA:66,2
DA:67,2
DA:68,1
DA:73,1
DA:77,1
DA:78,1
DA:79,1
DA:80,1
DA:81,1
DA:85,1
DA:86,1
DA:87,1
DA:88,1
LF:36
LH:35
BRDA:35,0,0,1
BRDA:35,0,1,2
BRDA:43,1,0,1
BRDA:43,1,1,1
BRDA:67,2,0,1
BRDA:67,2,1,1
BRDA:18,3,0,4
BRDA:18,3,1,0
BRDA:18,4,0,4
BRDA:18,4,1,4
BRDA:18,5,0,4
BRDA:18,5,1,0
BRDA:18,6,0,4
BRDA:18,6,1,4
BRF:14
BRH:12
end_of_record
TN:
SF:src/player/dto/create-player.dto.ts
FNF:0
FNH:0
DA:1,1
LF:1
LH:1
BRF:0
BRH:0
end_of_record
TN:
SF:src/player/dto/update-player.dto.ts
FNF:0
FNH:0
DA:1,0
DA:2,0
DA:4,0
LF:3
LH:0
BRF:0
BRH:0
end_of_record
TN:
SF:src/ranking/ranking.controller.ts
FN:8,(anonymous_2)
FN:14,(anonymous_3)
FN:15,(anonymous_4)
FN:23,(anonymous_5)
FN:24,(anonymous_6)
FN:28,(anonymous_7)
FN:46,(anonymous_8)
FNF:7
FNH:5
FNDA:1,(anonymous_2)
FNDA:0,(anonymous_3)
FNDA:0,(anonymous_4)
FNDA:1,(anonymous_5)
FNDA:1,(anonymous_6)
FNDA:1,(anonymous_7)
FNDA:1,(anonymous_8)
DA:1,1
DA:2,1
DA:3,1
DA:4,1
DA:7,1
DA:9,1
DA:10,1
DA:14,1
DA:15,0
DA:23,1
DA:24,1
DA:26,1
DA:28,1
DA:29,1
DA:30,1
DA:39,1
DA:44,1
DA:46,1
DA:47,1
LF:19
LH:18
BRDA:23,0,0,1
BRDA:23,0,1,0
BRDA:23,1,0,1
BRDA:23,1,1,1
BRDA:9,2,0,1
BRDA:9,2,1,0
BRDA:9,3,0,1
BRDA:9,3,1,1
BRDA:9,4,0,1
BRDA:9,4,1,0
BRDA:9,5,0,1
BRDA:9,5,1,1
BRF:12
BRH:9
end_of_record
